<?xml version="1.0" encoding="UTF-8"?>
<!-- Generated by org.testng.reporters.JUnitReportReporter -->
<testsuite hostname="EC2AMAZ-S11DBRH" failures="0" tests="1" name="testScript.GooglePageTest" time="2.275" errors="0" timestamp="2024-04-25T07:19:50 GMT" skipped="0">
  <testcase classname="testScript.GooglePageTest" name="javaSearchTest" time="2.275"/>
  <system-out/>
</testsuite> <!-- testScript.GooglePageTest -->
