<?xml version="1.0" encoding="UTF-8"?>
<!-- Generated by org.testng.reporters.JUnitReportReporter -->
<testsuite hostname="EC2AMAZ-S11DBRH" failures="0" tests="1" name="testScript.SampleTwoTest" time="0.010" errors="0" timestamp="2024-04-26T06:40:30 GMT" skipped="0">
  <testcase classname="testScript.SampleTwoTest" name="Testfour" time="0.010"/>
  <system-out/>
</testsuite> <!-- testScript.SampleTwoTest -->
