<?xml version="1.0" encoding="UTF-8"?>
<!-- Generated by org.testng.reporters.JUnitReportReporter -->
<testsuite hostname="EC2AMAZ-S11DBRH" failures="0" tests="2" name="testScript.SampleTwoTest" time="0.011" errors="0" timestamp="2024-04-26T06:22:47 GMT" skipped="0">
  <testcase classname="testScript.SampleTwoTest" name="Testtwo" time="0.002"/>
  <system-out/>
  <testcase classname="testScript.SampleTwoTest" name="Testone" time="0.009"/>
  <system-out/>
</testsuite> <!-- testScript.SampleTwoTest -->
