<?xml version="1.0" encoding="UTF-8"?>
<!-- Generated by org.testng.reporters.JUnitReportReporter -->
<testsuite hostname="EC2AMAZ-S11DBRH" failures="0" tests="1" name="testScript.SampleThreeTest" time="0.001" errors="0" timestamp="2024-04-26T06:40:30 GMT" skipped="0">
  <testcase classname="testScript.SampleThreeTest" name="testfour" time="0.001"/>
  <system-out/>
</testsuite> <!-- testScript.SampleThreeTest -->
