<?xml version="1.0" encoding="UTF-8"?>
<!-- Generated by org.testng.reporters.JUnitReportReporter -->
<testsuite hostname="EC2AMAZ-S11DBRH" failures="0" tests="4" name="testScript.GooglePageTest" time="12.280" errors="0" timestamp="2024-04-26T05:18:13 GMT" skipped="0">
  <testcase classname="testScript.GooglePageTest" name="appiumSearchTest" time="3.543"/>
  <system-out/>
  <testcase classname="testScript.GooglePageTest" name="cucumberSearchTest" time="1.886"/>
  <system-out/>
  <testcase classname="testScript.GooglePageTest" name="seleniumSearchTest" time="4.188"/>
  <system-out/>
  <testcase classname="testScript.GooglePageTest" name="javaSearchTest" time="2.663"/>
  <system-out/>
</testsuite> <!-- testScript.GooglePageTest -->
