<?xml version="1.0" encoding="UTF-8"?>
<!-- Generated by org.testng.reporters.JUnitReportReporter -->
<testsuite hostname="EC2AMAZ-S11DBRH" failures="0" tests="1" name="testScript.LoginPageTest" time="5.118" errors="0" timestamp="2024-04-26T04:42:44 GMT" skipped="0">
  <testcase classname="testScript.LoginPageTest" name="validLogin" time="5.118"/>
  <system-out/>
</testsuite> <!-- testScript.LoginPageTest -->
